c:\users\nsears\source\repos\gat150-gameengine\bin\engine\debug\engine.pdb
c:\users\nsears\source\repos\gat150-gameengine\bin\engine\debug\engine.idb
c:\users\nsears\source\repos\gat150-gameengine\temp\engine\debug\engine.obj
c:\users\nsears\source\repos\gat150-gameengine\temp\engine\debug\font.obj
c:\users\nsears\source\repos\gat150-gameengine\temp\engine\debug\text.obj
c:\users\nsears\source\repos\gat150-gameengine\temp\engine\debug\texture.obj
c:\users\nsears\source\repos\gat150-gameengine\temp\engine\debug\renderer.obj
c:\users\nsears\source\repos\gat150-gameengine\temp\engine\debug\particlesystem.obj
c:\users\nsears\source\repos\gat150-gameengine\temp\engine\debug\particle.obj
c:\users\nsears\source\repos\gat150-gameengine\temp\engine\debug\model.obj
c:\users\nsears\source\repos\gat150-gameengine\temp\engine\debug\scene.obj
c:\users\nsears\source\repos\gat150-gameengine\temp\engine\debug\actor.obj
c:\users\nsears\source\repos\gat150-gameengine\bin\engine\debug\engine.lib
c:\users\nsears\source\repos\gat150-gameengine\temp\engine\debug\audio.obj
c:\users\nsears\source\repos\gat150-gameengine\temp\engine\debug\eassert.obj
c:\users\nsears\source\repos\gat150-gameengine\temp\engine\debug\efile.obj
c:\users\nsears\source\repos\gat150-gameengine\temp\engine\debug\etime.obj
c:\users\nsears\source\repos\gat150-gameengine\temp\engine\debug\input.obj
c:\users\nsears\source\repos\gat150-gameengine\temp\engine\debug\engine.vcxproj.filelistabsolute.txt
c:\users\nsears\source\repos\gat150-gameengine\temp\engine\debug\engine.tlog\cl.command.1.tlog
c:\users\nsears\source\repos\gat150-gameengine\temp\engine\debug\engine.tlog\cl.items.tlog
c:\users\nsears\source\repos\gat150-gameengine\temp\engine\debug\engine.tlog\cl.read.1.tlog
c:\users\nsears\source\repos\gat150-gameengine\temp\engine\debug\engine.tlog\cl.write.1.tlog
c:\users\nsears\source\repos\gat150-gameengine\temp\engine\debug\engine.tlog\lib-link.read.1.tlog
c:\users\nsears\source\repos\gat150-gameengine\temp\engine\debug\engine.tlog\lib-link.write.1.tlog
c:\users\nsears\source\repos\gat150-gameengine\temp\engine\debug\engine.tlog\lib.command.1.tlog
